# Sample log file with embedded hashes for testing extract_hashes.py

2025-06-05 07:45:12 INFO   Scanner started on host: host-01.example.com
2025-06-05 07:45:13 INFO   Checking file: /var/log/auth.log | MD5: d41d8cd98f00b204e9800998ecf8427e
2025-06-05 07:45:13 INFO   Checking file: /usr/local/bin/script.sh | SHA1: da39a3ee5e6b4b0d3255bfef95601890afd80709
2025-06-05 07:45:14 INFO   Checking file: /etc/passwd | SHA256: e3b0c44298fc1c149afbf4c8996fb92427ae41e4649b934ca495991b7852b855

2025-06-05 08:10:22 WARN   Quarantine triggered for /home/user/downloads/malware.exe | MD5: 5d41402abc4b2a76b9719d911017c592
2025-06-05 08:10:23 INFO   Processed quarantine: /home/user/downloads/malware.exe | SHA1: 2fd4e1c67a2d28fced849ee1bb76e7391b93eb12

2025-06-05 09:00:00 INFO   Backup completed for database dump. File: backup_20250605.sql.gz | SHA256: c5e478d59288c841aa530db6845c4c8d962893a001ce4e11a4963873aa98134a
2025-06-05 09:05:45 INFO   Integrity check passed for /opt/app/config.yaml | MD5: aab3238922bcc25a6f606eb525ffdc56
2025-06-05 09:06:02 ERROR  Failed to compute hash for /opt/app/secret.env

2025-06-05 10:15:37 INFO   File integrity report:
  - /var/www/html/index.html | SHA1: 4a44dc15364204a80fe80e9039455cc1c0da0c0b
  - /var/www/html/about.html | SHA1: da39a3ee5e6b4b0d3255bfef95601890afd80709
  - /var/www/html/contact.html | SHA1: 248d6a61d20638b8e5c026930c3e6039a33ce459

2025-06-05 11:20:11 INFO   Firmware image downloaded: router_fw_v2.bin | SHA256: 2c26b46b68ffc68ff99b453c1d30413413422d706483bfa0e26e5665e82d42fe
2025-06-05 11:20:12 INFO   Verifying firmware signature | MD5: 9e107d9d372bb6826bd81d3542a419d6

2025-06-05 12:00:00 INFO   Scheduled hash audit started
2025-06-05 12:00:02 INFO   Found suspicious file: /tmp/suspicious.doc | MD5: e4d909c290d0fb1ca068ffaddf22cbd0
2025-06-05 12:00:03 WARN   Hash mismatch for /usr/bin/legacy_app | Expected: ed076287532e86365e841e92bfc50d8c | Actual: d2d0714f014a9784047eaeccf956520045c45265

2025-06-05 12:30:45 INFO   Completed hash audit
2025-06-05 12:30:46 INFO   Audit summary:  
  - Total files scanned: 1250  
  - Files with mismatched hashes: 1  
  - Files quarantined: 0  

2025-06-05 13:15:00 INFO   User uploaded attachments:
  - document.pdf | SHA1: a9993e364706816aba3e25717850c26c9cd0d89d
  - image.png    | SHA256: 3f786850e387550fdab836ed7e6dc881de23001b

2025-06-05 14:05:22 ERROR  Unable to parse hash from /logs/*.log.gz | suspected MD5: f96b697d7cb7938d525a2f31aaf161d0
2025-06-05 14:05:23 INFO   Continuing scan...

2025-06-05 15:45:11 INFO   Daily report archived: report_20250605.zip | SHA256: 6d7fce9fee471194aa8b5b6e47267f03b0f62b5f9e9a79f4afd6b3cb00983d29

# End of sample log file
